* This is the StructMobWeight report file that is output every time the server starts.
* 
* Spawn Balance Utility (SBU) will use this file ONLY if it is renamed to StructMobWeight.csv.
* Lines starting with '*' are comments and ignored
* It allows you to add and remove mobs and adjust their spawnweights for Structures
* like shipwrecks, nether fortresses, water monuments, etc.
* 
1, structory:abandoned_camp, HEADING, header:ignore, 0, 0, 0
2, structory:abandoned_chapel, HEADING, header:ignore, 0, 0, 0
3, idas:abandoned_lighthouse, HEADING, header:ignore, 0, 0, 0
4, dungeons_arise:abandoned_temple, HEADING, header:ignore, 0, 0, 0
5, dungeons_arise:abandoned_temple, MONSTER, minecraft:stray, 10, 1, 1
6, incendium:abandoned_tower, HEADING, header:ignore, 0, 0, 0
7, idas:abandonedhouse, HEADING, header:ignore, 0, 0, 0
8, farmers_structures:aether, HEADING, header:ignore, 0, 0, 0
9, totw_modded:aether, HEADING, header:ignore, 0, 0, 0
10, integrated_villages:airship_village, HEADING, header:ignore, 0, 0, 0
11, minecolonies:amazon_camp, HEADING, header:ignore, 0, 0, 0
12, irons_spellbooks:ancient_battleground, HEADING, header:ignore, 0, 0, 0
13, minecraft:ancient_city, HEADING, header:ignore, 0, 0, 0
14, cataclysm:ancient_factory, HEADING, header:ignore, 0, 0, 0
15, idas:ancient_mines, HEADING, header:ignore, 0, 0, 0
16, idas:ancient_mines, MONSTER, minecraft:silverfish, 10, 1, 1
17, idas:ancient_mines, MONSTER, quark:wraith, 10, 1, 1
18, idas:ancient_portal/ancient_portal, HEADING, header:ignore, 0, 0, 0
19, idas:ancient_portal/ancient_portal, MONSTER, minecraft:silverfish, 10, 1, 4
20, idas:ancient_portal/ancient_portal, MONSTER, quark:wraith, 10, 1, 4
21, idas:ancient_portal/nether_ancient_portal, HEADING, header:ignore, 0, 0, 0
22, idas:ancient_portal/nether_ancient_portal, MONSTER, quark:wraith, 10, 1, 1
23, idas:ancient_statue/ancient_statue_desert, HEADING, header:ignore, 0, 0, 0
24, idas:ancient_statue/ancient_statue_jungle, HEADING, header:ignore, 0, 0, 0
25, idas:ancient_statue/ancient_statue_plains, HEADING, header:ignore, 0, 0, 0
26, deeperdarker:ancient_temple, HEADING, header:ignore, 0, 0, 0
27, idas:animal_den/forest_den, HEADING, header:ignore, 0, 0, 0
28, idas:animal_den/foxhound_den, HEADING, header:ignore, 0, 0, 0
29, idas:animal_den/polar_bear_den, HEADING, header:ignore, 0, 0, 0
30, idas:apothecary_abode, HEADING, header:ignore, 0, 0, 0
31, farmers_structures:aquaculture_beach, HEADING, header:ignore, 0, 0, 0
32, farmers_structures:aquaculture_carp, HEADING, header:ignore, 0, 0, 0
33, farmers_structures:aquaculture_common, HEADING, header:ignore, 0, 0, 0
34, betterarcheology:archeologist_camp_grassy, HEADING, header:ignore, 0, 0, 0
35, betterarcheology:archeologist_camp_redsand, HEADING, header:ignore, 0, 0, 0
36, betterarcheology:archeologist_camp_sand, HEADING, header:ignore, 0, 0, 0
37, idas:ars_nouveau/archmages_tower, HEADING, header:ignore, 0, 0, 0
38, minecolonies:asian_colony, HEADING, header:ignore, 0, 0, 0
39, minecolonies:asian_colony, CREATURE, minecraft:cat, 80, 1, 2
40, dungeons_arise:aviary, HEADING, header:ignore, 0, 0, 0
41, dungeons_arise:aviary, MONSTER, minecraft:phantom, 60, 2, 3
42, totw_modded:badlands, HEADING, header:ignore, 0, 0, 0
43, valarian_conquest:bandit_camp, HEADING, header:ignore, 0, 0, 0
44, dungeons_arise:bandit_towers, HEADING, header:ignore, 0, 0, 0
45, dungeons_arise:bandit_village, HEADING, header:ignore, 0, 0, 0
46, minecolonies:barbarian_camp, HEADING, header:ignore, 0, 0, 0
47, minecraft:bastion_remnant, HEADING, header:ignore, 0, 0, 0
48, dungeons_arise:bathhouse, HEADING, header:ignore, 0, 0, 0
49, idas:bazaar, HEADING, header:ignore, 0, 0, 0
50, idas:bearclaw_inn, HEADING, header:ignore, 0, 0, 0
51, idas:beekeepers_house, HEADING, header:ignore, 0, 0, 0
52, structory:boat, HEADING, header:ignore, 0, 0, 0
53, valarian_conquest:bohemiancastle, HEADING, header:ignore, 0, 0, 0
54, valarian_conquest:bohemianoutpost, HEADING, header:ignore, 0, 0, 0
55, valarian_conquest:bohemiantower, HEADING, header:ignore, 0, 0, 0
56, caneswonderfulspidersoverhaul:bounce_slime_1, HEADING, header:ignore, 0, 0, 0
57, caneswonderfulspidersoverhaul:bounce_slime_2, HEADING, header:ignore, 0, 0, 0
58, deep_aether:brass_dungeon, HEADING, header:ignore, 0, 0, 0
59, brewery:brewfest_tent, HEADING, header:ignore, 0, 0, 0
60, idas:brickhouse, HEADING, header:ignore, 0, 0, 0
61, aether:bronze_dungeon, HEADING, header:ignore, 0, 0, 0
62, betterarcheology:buried_ruins_sand, HEADING, header:ignore, 0, 0, 0
63, minecraft:buried_treasure, HEADING, header:ignore, 0, 0, 0
64, cataclysm:burning_arena, HEADING, header:ignore, 0, 0, 0
65, integrated_villages:cabin_village, HEADING, header:ignore, 0, 0, 0
66, valarian_conquest:caladrian_castle, HEADING, header:ignore, 0, 0, 0
67, valarian_conquest:caladrianfort, HEADING, header:ignore, 0, 0, 0
68, valarian_conquest:caladrianoutpost, HEADING, header:ignore, 0, 0, 0
69, minecolonies:caledonia_colony, HEADING, header:ignore, 0, 0, 0
70, minecolonies:caledonia_colony, CREATURE, minecraft:cat, 80, 1, 2
71, abridged:canyon_bridge, HEADING, header:ignore, 0, 0, 0
72, idas:castle, HEADING, header:ignore, 0, 0, 0
73, betterarcheology:catacombs, HEADING, header:ignore, 0, 0, 0
74, irons_spellbooks:catacombs, HEADING, header:ignore, 0, 0, 0
75, irons_spellbooks:catacombs, MONSTER, irons_spellbooks:catacombs_zombie, 10, 1, 1
76, irons_spellbooks:catacombs, MONSTER, minecraft:skeleton, 10, 1, 1
77, irons_spellbooks:catacombs, MONSTER, irons_spellbooks:necromancer, 10, 1, 1
78, dungeons_arise:ceryneian_hind, HEADING, header:ignore, 0, 0, 0
79, dungeons_arise:coliseum, HEADING, header:ignore, 0, 0, 0
80, idas:collectors_museum, HEADING, header:ignore, 0, 0, 0
81, minecolonies:colonial_colony, HEADING, header:ignore, 0, 0, 0
82, minecolonies:colonial_colony, CREATURE, minecraft:cat, 80, 1, 2
83, farmers_structures:cook, HEADING, header:ignore, 0, 0, 0
84, farmers_structures:cook_moss, HEADING, header:ignore, 0, 0, 0
85, farmers_structures:cook_nether_1, HEADING, header:ignore, 0, 0, 0
86, farmers_structures:cook_nether_2, HEADING, header:ignore, 0, 0, 0
87, idas:cottage, HEADING, header:ignore, 0, 0, 0
88, abridged:creek_bridge, HEADING, header:ignore, 0, 0, 0
89, cataclysm:cursed_pyramid, HEADING, header:ignore, 0, 0, 0
90, structory:dense_forest_ruin, HEADING, header:ignore, 0, 0, 0
91, totw_modded:derelict, HEADING, header:ignore, 0, 0, 0
92, totw_modded:derelict_grass, HEADING, header:ignore, 0, 0, 0
93, totw_modded:desert, HEADING, header:ignore, 0, 0, 0
94, minecolonies:desert_camp, HEADING, header:ignore, 0, 0, 0
95, idas:desert_camp/desert_camp, HEADING, header:ignore, 0, 0, 0
96, idas:desert_camp/desert_camp_bygwindswept, HEADING, header:ignore, 0, 0, 0
97, idas:desert_camp/desert_camp_orange, HEADING, header:ignore, 0, 0, 0
98, idas:desert_camp/desert_camp_red, HEADING, header:ignore, 0, 0, 0
99, idas:desert_market/desert_market, HEADING, header:ignore, 0, 0, 0
100, idas:desert_market/desert_market_orange, HEADING, header:ignore, 0, 0, 0
101, idas:desert_market/desert_market_red, HEADING, header:ignore, 0, 0, 0
102, betterarcheology:desert_obelisk, HEADING, header:ignore, 0, 0, 0
103, idas:desert_pyramid, HEADING, header:ignore, 0, 0, 0
104, minecraft:desert_pyramid, HEADING, header:ignore, 0, 0, 0
105, minecolonies:desertoasis_colony, HEADING, header:ignore, 0, 0, 0
106, minecolonies:desertoasis_colony, CREATURE, minecraft:cat, 80, 1, 2
107, idas:dig_site/dig_site, HEADING, header:ignore, 0, 0, 0
108, idas:dig_site/dig_site_desert, HEADING, header:ignore, 0, 0, 0
109, nullscape:dragon_skeleton, HEADING, header:ignore, 0, 0, 0
110, idas:enchantingtower, HEADING, header:ignore, 0, 0, 0
111, totw_modded:end, HEADING, header:ignore, 0, 0, 0
112, minecraft:end_city, HEADING, header:ignore, 0, 0, 0
113, minecraft:end_city, MONSTER, alexsmobs:mimicube, 40, 1, 3
114, betterend:end_village, HEADING, header:ignore, 0, 0, 0
115, betterend:eternal_portal, HEADING, header:ignore, 0, 0, 0
116, totw_modded:everbright, HEADING, header:ignore, 0, 0, 0
117, totw_modded:everdawn, HEADING, header:ignore, 0, 0, 0
118, irons_spellbooks:evoker_fort, HEADING, header:ignore, 0, 0, 0
119, irons_spellbooks:evoker_fort, MONSTER, minecraft:pillager, 10, 2, 3
120, irons_spellbooks:evoker_fort, MONSTER, minecraft:vindicator, 10, 4, 4
121, towns_and_towers:exclusives/pillager_outpost_classic, HEADING, header:ignore, 0, 0, 0
122, towns_and_towers:exclusives/pillager_outpost_classic, MONSTER, minecraft:pillager, 10, 1, 2
123, towns_and_towers:exclusives/pillager_outpost_iberian, HEADING, header:ignore, 0, 0, 0
124, towns_and_towers:exclusives/pillager_outpost_iberian, MONSTER, minecraft:pillager, 10, 1, 2
125, towns_and_towers:exclusives/pillager_outpost_mediterranean, HEADING, header:ignore, 0, 0, 0
126, towns_and_towers:exclusives/pillager_outpost_mediterranean, MONSTER, minecraft:pillager, 10, 1, 2
127, towns_and_towers:exclusives/pillager_outpost_oriental, HEADING, header:ignore, 0, 0, 0
128, towns_and_towers:exclusives/pillager_outpost_oriental, MONSTER, minecraft:pillager, 10, 1, 2
129, towns_and_towers:exclusives/pillager_outpost_rustic, HEADING, header:ignore, 0, 0, 0
130, towns_and_towers:exclusives/pillager_outpost_rustic, MONSTER, minecraft:pillager, 10, 1, 2
131, towns_and_towers:exclusives/pillager_outpost_swedish, HEADING, header:ignore, 0, 0, 0
132, towns_and_towers:exclusives/pillager_outpost_swedish, MONSTER, minecraft:pillager, 10, 1, 2
133, towns_and_towers:exclusives/pillager_outpost_tudor, HEADING, header:ignore, 0, 0, 0
134, towns_and_towers:exclusives/pillager_outpost_tudor, MONSTER, minecraft:pillager, 10, 1, 2
135, towns_and_towers:exclusives/village_classic, HEADING, header:ignore, 0, 0, 0
136, towns_and_towers:exclusives/village_iberian, HEADING, header:ignore, 0, 0, 0
137, towns_and_towers:exclusives/village_mediterranean, HEADING, header:ignore, 0, 0, 0
138, towns_and_towers:exclusives/village_nilotic, HEADING, header:ignore, 0, 0, 0
139, towns_and_towers:exclusives/village_piglin, HEADING, header:ignore, 0, 0, 0
140, towns_and_towers:exclusives/village_piglin, MONSTER, minecraft:piglin, 10, 6, 8
141, towns_and_towers:exclusives/village_piglin, MONSTER, minecraft:piglin_brute, 10, 2, 3
142, towns_and_towers:exclusives/village_rustic, HEADING, header:ignore, 0, 0, 0
143, towns_and_towers:exclusives/village_swedish, HEADING, header:ignore, 0, 0, 0
144, towns_and_towers:exclusives/village_tudor, HEADING, header:ignore, 0, 0, 0
145, towns_and_towers:exclusives/village_wandering_trader_camp, HEADING, header:ignore, 0, 0, 0
146, idas:farmhouse, HEADING, header:ignore, 0, 0, 0
147, structory:firetower, HEADING, header:ignore, 0, 0, 0
148, idas:fishermans_lodge, HEADING, header:ignore, 0, 0, 0
149, dungeons_arise:fishing_hut, HEADING, header:ignore, 0, 0, 0
150, incendium:forbidden_castle, HEADING, header:ignore, 0, 0, 0
151, betterfortresses:fortress, HEADING, header:ignore, 0, 0, 0
152, betterfortresses:fortress, MONSTER, minecraft:blaze, 10, 2, 3
153, betterfortresses:fortress, MONSTER, minecraft:zombified_piglin, 10, 4, 4
154, betterfortresses:fortress, MONSTER, minecraft:wither_skeleton, 10, 5, 5
155, betterfortresses:fortress, MONSTER, minecraft:skeleton, 10, 5, 5
156, betterfortresses:fortress, MONSTER, minecraft:magma_cube, 10, 4, 4
157, minecraft:fortress, HEADING, header:ignore, 0, 0, 0
158, minecraft:fortress, MONSTER, minecraft:blaze, 10, 2, 3
159, minecraft:fortress, MONSTER, minecraft:zombified_piglin, 10, 4, 4
160, minecraft:fortress, MONSTER, minecraft:wither_skeleton, 10, 5, 5
161, minecraft:fortress, MONSTER, minecraft:skeleton, 10, 5, 5
162, minecraft:fortress, MONSTER, minecraft:magma_cube, 10, 4, 4
163, minecraft:fortress, MONSTER, cataclysm:ignited_berserker, 10, 1, 1
164, betterarcheology:fossil_chicken, HEADING, header:ignore, 0, 0, 0
165, betterarcheology:fossil_chicken_birch, HEADING, header:ignore, 0, 0, 0
166, betterarcheology:fossil_creeper, HEADING, header:ignore, 0, 0, 0
167, betterarcheology:fossil_jungle_0, HEADING, header:ignore, 0, 0, 0
168, betterarcheology:fossil_jungle_1, HEADING, header:ignore, 0, 0, 0
169, betterarcheology:fossil_sheep_0, HEADING, header:ignore, 0, 0, 0
170, betterarcheology:fossil_wolf, HEADING, header:ignore, 0, 0, 0
171, dungeons_arise:foundry, HEADING, header:ignore, 0, 0, 0
172, cataclysm:frosted_prison, HEADING, header:ignore, 0, 0, 0
173, mowziesmobs:frostmaw_spawn, HEADING, header:ignore, 0, 0, 0
174, idas:frozen_crypt, HEADING, header:ignore, 0, 0, 0
175, valarian_conquest:galician_fort, HEADING, header:ignore, 0, 0, 0
176, valarian_conquest:galiciancastle, HEADING, header:ignore, 0, 0, 0
177, valarian_conquest:galicianoutpost, HEADING, header:ignore, 0, 0, 0
178, valarian_conquest:gardoniancastle, HEADING, header:ignore, 0, 0, 0
179, taxtg:giant_birch_tree, HEADING, header:ignore, 0, 0, 0
180, taxtg:giant_cherryblossom_tree, HEADING, header:ignore, 0, 0, 0
181, betterend:giant_ice_star, HEADING, header:ignore, 0, 0, 0
182, taxtg:giant_jungle_tree, HEADING, header:ignore, 0, 0, 0
183, betterend:giant_mossy_glowshroom, HEADING, header:ignore, 0, 0, 0
184, dungeons_arise:giant_mushroom, HEADING, header:ignore, 0, 0, 0
185, taxtg:giant_oak_tree, HEADING, header:ignore, 0, 0, 0
186, taxtg:giant_spruce_tree, HEADING, header:ignore, 0, 0, 0
187, totw_modded:glacio, HEADING, header:ignore, 0, 0, 0
188, aether:gold_dungeon, HEADING, header:ignore, 0, 0, 0
189, iceandfire:gorgon_temple, HEADING, header:ignore, 0, 0, 0
190, iceandfire:graveyard, HEADING, header:ignore, 0, 0, 0
191, structory:graveyard, HEADING, header:ignore, 0, 0, 0
192, dungeons_arise:greenwood_pub, HEADING, header:ignore, 0, 0, 0
193, idas:haunted_manor, HEADING, header:ignore, 0, 0, 0
194, idas:haunted_manor, MONSTER, quark:wraith, 10, 3, 4
195, dungeons_arise:heavenly_challenger, HEADING, header:ignore, 0, 0, 0
196, dungeons_arise:heavenly_conqueror, HEADING, header:ignore, 0, 0, 0
197, dungeons_arise:heavenly_rider, HEADING, header:ignore, 0, 0, 0
198, idas:hermits_hollow, HEADING, header:ignore, 0, 0, 0
199, hunters_return:hunter_house, HEADING, header:ignore, 0, 0, 0
200, idas:hunters_cabin, HEADING, header:ignore, 0, 0, 0
201, totw_modded:ice, HEADING, header:ignore, 0, 0, 0
202, aquamirae:ice_maze/arch, HEADING, header:ignore, 0, 0, 0
203, aquamirae:ice_maze/arch, MONSTER, aquamirae:maw, 50, 1, 2
204, aquamirae:ice_maze/arch, AMBIENT, aquamirae:golden_moth, 10, 1, 2
205, aquamirae:ice_maze/common, HEADING, header:ignore, 0, 0, 0
206, aquamirae:ice_maze/common, MONSTER, aquamirae:maw, 50, 1, 2
207, aquamirae:ice_maze/spiral, HEADING, header:ignore, 0, 0, 0
208, aquamirae:ice_maze/spiral, MONSTER, aquamirae:maw, 50, 2, 6
209, idas:iceandfire/dread_citadel, HEADING, header:ignore, 0, 0, 0
210, minecraft:igloo, HEADING, header:ignore, 0, 0, 0
211, dungeons_arise:illager_campsite, HEADING, header:ignore, 0, 0, 0
212, dungeons_arise:illager_corsair, HEADING, header:ignore, 0, 0, 0
213, dungeons_arise:illager_fort, HEADING, header:ignore, 0, 0, 0
214, dungeons_arise:illager_galley, HEADING, header:ignore, 0, 0, 0
215, dungeons_arise:illager_windmill, HEADING, header:ignore, 0, 0, 0
216, irons_spellbooks:impaled_icebreaker, HEADING, header:ignore, 0, 0, 0
217, minecolonies:incan_colony, HEADING, header:ignore, 0, 0, 0
218, minecolonies:incan_colony, CREATURE, minecraft:cat, 80, 1, 2
219, incendium:infernal_altar, HEADING, header:ignore, 0, 0, 0
220, dungeons_arise:infested_temple, HEADING, header:ignore, 0, 0, 0
221, totw_modded:jungle, HEADING, header:ignore, 0, 0, 0
222, minecraft:jungle_pyramid, HEADING, header:ignore, 0, 0, 0
223, structory:jungle_ruin, HEADING, header:ignore, 0, 0, 0
224, structory:jungle_ruin, MONSTER, minecraft:creeper, 10, 4, 4
225, dungeons_arise:jungle_tree_house, HEADING, header:ignore, 0, 0, 0
226, dungeons_arise:keep_kayra, HEADING, header:ignore, 0, 0, 0
227, integrated_villages:kutcha_village, HEADING, header:ignore, 0, 0, 0
228, idas:labyrinth, HEADING, header:ignore, 0, 0, 0
229, valarian_conquest:lancastiancastle, HEADING, header:ignore, 0, 0, 0
230, valarian_conquest:lancastianoutpost, HEADING, header:ignore, 0, 0, 0
231, aether:large_aercloud, HEADING, header:ignore, 0, 0, 0
232, betterarcheology:light_temple, HEADING, header:ignore, 0, 0, 0
233, dungeons_arise:lighthouse, HEADING, header:ignore, 0, 0, 0
234, minecolonies:lostmesacity_colony, HEADING, header:ignore, 0, 0, 0
235, minecolonies:lostmesacity_colony, CREATURE, minecraft:cat, 80, 1, 2
236, idas:lumber_camp/lumber_camp_acacia, HEADING, header:ignore, 0, 0, 0
237, idas:lumber_camp/lumber_camp_birch, HEADING, header:ignore, 0, 0, 0
238, idas:lumber_camp/lumber_camp_bopmahogany, HEADING, header:ignore, 0, 0, 0
239, idas:lumber_camp/lumber_camp_bopredwood, HEADING, header:ignore, 0, 0, 0
240, idas:lumber_camp/lumber_camp_bygmahogany, HEADING, header:ignore, 0, 0, 0
241, idas:lumber_camp/lumber_camp_bygredwood, HEADING, header:ignore, 0, 0, 0
242, idas:lumber_camp/lumber_camp_dark_oak, HEADING, header:ignore, 0, 0, 0
243, idas:lumber_camp/lumber_camp_jungle, HEADING, header:ignore, 0, 0, 0
244, idas:lumber_camp/lumber_camp_oak, HEADING, header:ignore, 0, 0, 0
245, idas:lumber_camp/lumber_camp_spruce, HEADING, header:ignore, 0, 0, 0
246, irons_spellbooks:mangrove_hut, HEADING, header:ignore, 0, 0, 0
247, minecraft:mansion, HEADING, header:ignore, 0, 0, 0
248, integrated_villages:marketstead_village, HEADING, header:ignore, 0, 0, 0
249, totw_modded:mars, HEADING, header:ignore, 0, 0, 0
250, iceandfire:mausoleum, HEADING, header:ignore, 0, 0, 0
251, dungeons_arise:mechanical_nest, HEADING, header:ignore, 0, 0, 0
252, minecolonies:medieval_birch_colony, HEADING, header:ignore, 0, 0, 0
253, minecolonies:medieval_birch_colony, CREATURE, minecraft:cat, 80, 1, 2
254, minecolonies:medieval_dark_oak_colony, HEADING, header:ignore, 0, 0, 0
255, minecolonies:medieval_dark_oak_colony, CREATURE, minecraft:cat, 80, 1, 2
256, minecolonies:medieval_oak_colony, HEADING, header:ignore, 0, 0, 0
257, minecolonies:medieval_oak_colony, CREATURE, minecraft:cat, 80, 1, 2
258, minecolonies:medieval_spruce_colony, HEADING, header:ignore, 0, 0, 0
259, minecolonies:medieval_spruce_colony, CREATURE, minecraft:cat, 80, 1, 2
260, integrated_villages:mediterranean_village, HEADING, header:ignore, 0, 0, 0
261, betterend:megalake, HEADING, header:ignore, 0, 0, 0
262, betterend:megalake_small, HEADING, header:ignore, 0, 0, 0
263, dungeons_arise:merchant_campsite, HEADING, header:ignore, 0, 0, 0
264, totw_modded:mercury, HEADING, header:ignore, 0, 0, 0
265, betterarcheology:mesa_ruins, HEADING, header:ignore, 0, 0, 0
266, towns_and_towers:mimic_desert, HEADING, header:ignore, 0, 0, 0
267, minecraft:mineshaft, HEADING, header:ignore, 0, 0, 0
268, minecraft:mineshaft, AMBIENT, alexsmobs:underminer, 50, 1, 1
269, minecraft:mineshaft_mesa, HEADING, header:ignore, 0, 0, 0
270, minecraft:mineshaft_mesa, AMBIENT, alexsmobs:underminer, 50, 1, 1
271, dungeons_arise:mining_system, HEADING, header:ignore, 0, 0, 0
272, dungeons_arise:monastery, HEADING, header:ignore, 0, 0, 0
273, mowziesmobs:monastery, HEADING, header:ignore, 0, 0, 0
274, mowziesmobs:monastery, MONSTER, mowziesmobs:bluff, 80, 1, 2
275, minecraft:monument, HEADING, header:ignore, 0, 0, 0
276, minecraft:monument, MONSTER, minecraft:guardian, 10, 2, 4
277, totw_modded:moon, HEADING, header:ignore, 0, 0, 0
278, integrated_villages:mossy_mounds, HEADING, header:ignore, 0, 0, 0
279, betterarcheology:mott, HEADING, header:ignore, 0, 0, 0
280, betterend:mountain, HEADING, header:ignore, 0, 0, 0
281, irons_spellbooks:mountain_tower, HEADING, header:ignore, 0, 0, 0
282, dungeons_arise:mushroom_house, HEADING, header:ignore, 0, 0, 0
283, dungeons_arise:mushroom_mines, HEADING, header:ignore, 0, 0, 0
284, dungeons_arise:mushroom_village, HEADING, header:ignore, 0, 0, 0
285, idas:necromancers_spire, HEADING, header:ignore, 0, 0, 0
286, idas:necromancers_spire, MONSTER, quark:wraith, 10, 1, 1
287, totw_modded:nether, HEADING, header:ignore, 0, 0, 0
288, minecraft:nether_fossil, HEADING, header:ignore, 0, 0, 0
289, minecraft:nether_fossil, MONSTER, alexsmobs:soul_vulture, 30, 1, 1
290, incendium:nether_reactor, HEADING, header:ignore, 0, 0, 0
291, idas:nexus, HEADING, header:ignore, 0, 0, 0
292, idas:nexus, MONSTER, minecraft:silverfish, 10, 1, 4
293, idas:nexus, MONSTER, quark:wraith, 10, 1, 4
294, structory:northern_ruin, HEADING, header:ignore, 0, 0, 0
295, valarian_conquest:numeriancastle, HEADING, header:ignore, 0, 0, 0
296, valarian_conquest:numerianoutpost, HEADING, header:ignore, 0, 0, 0
297, integrated_villages:oasis_village, HEADING, header:ignore, 0, 0, 0
298, totw_modded:ocean, HEADING, header:ignore, 0, 0, 0
299, betteroceanmonuments:ocean_monument, HEADING, header:ignore, 0, 0, 0
300, betteroceanmonuments:ocean_monument, MONSTER, minecraft:guardian, 10, 2, 4
301, minecraft:ocean_ruin_cold, HEADING, header:ignore, 0, 0, 0
302, minecraft:ocean_ruin_warm, HEADING, header:ignore, 0, 0, 0
303, totw_modded:ocean_warm, HEADING, header:ignore, 0, 0, 0
304, structory:old_manor, HEADING, header:ignore, 0, 0, 0
305, structory:outcast_villager_desert, HEADING, header:ignore, 0, 0, 0
306, structory:outcast_villager_grassy, HEADING, header:ignore, 0, 0, 0
307, aquamirae:outpost, HEADING, header:ignore, 0, 0, 0
308, aquamirae:outpost, MONSTER, minecraft:pillager, 10, 1, 2
309, aquamirae:outpost, MONSTER, minecraft:vindicator, 10, 1, 1
310, betterend:painted_mountain, HEADING, header:ignore, 0, 0, 0
311, incendium:piglin_village, HEADING, header:ignore, 0, 0, 0
312, idas:pillager_camp, HEADING, header:ignore, 0, 0, 0
313, idas:pillager_fortress, HEADING, header:ignore, 0, 0, 0
314, minecraft:pillager_outpost, HEADING, header:ignore, 0, 0, 0
315, minecraft:pillager_outpost, MONSTER, minecraft:pillager, 10, 1, 1
316, towns_and_towers:pillager_outpost_badlands, HEADING, header:ignore, 0, 0, 0
317, towns_and_towers:pillager_outpost_badlands, MONSTER, minecraft:pillager, 10, 1, 2
318, towns_and_towers:pillager_outpost_beach, HEADING, header:ignore, 0, 0, 0
319, towns_and_towers:pillager_outpost_beach, MONSTER, minecraft:pillager, 10, 1, 2
320, towns_and_towers:pillager_outpost_birch_forest, HEADING, header:ignore, 0, 0, 0
321, towns_and_towers:pillager_outpost_birch_forest, MONSTER, minecraft:pillager, 10, 1, 2
322, towns_and_towers:pillager_outpost_desert, HEADING, header:ignore, 0, 0, 0
323, towns_and_towers:pillager_outpost_desert, MONSTER, minecraft:pillager, 10, 1, 2
324, towns_and_towers:pillager_outpost_flower_forest, HEADING, header:ignore, 0, 0, 0
325, towns_and_towers:pillager_outpost_flower_forest, MONSTER, minecraft:pillager, 10, 1, 2
326, towns_and_towers:pillager_outpost_forest, HEADING, header:ignore, 0, 0, 0
327, towns_and_towers:pillager_outpost_forest, MONSTER, minecraft:pillager, 10, 1, 2
328, towns_and_towers:pillager_outpost_grove, HEADING, header:ignore, 0, 0, 0
329, towns_and_towers:pillager_outpost_grove, MONSTER, minecraft:pillager, 10, 1, 2
330, towns_and_towers:pillager_outpost_jungle, HEADING, header:ignore, 0, 0, 0
331, towns_and_towers:pillager_outpost_jungle, MONSTER, minecraft:pillager, 10, 1, 2
332, towns_and_towers:pillager_outpost_meadow, HEADING, header:ignore, 0, 0, 0
333, towns_and_towers:pillager_outpost_meadow, MONSTER, minecraft:pillager, 10, 1, 2
334, towns_and_towers:pillager_outpost_mushroom_fields, HEADING, header:ignore, 0, 0, 0
335, towns_and_towers:pillager_outpost_ocean, HEADING, header:ignore, 0, 0, 0
336, towns_and_towers:pillager_outpost_ocean, MONSTER, minecraft:pillager, 10, 1, 2
337, towns_and_towers:pillager_outpost_old_growth_taiga, HEADING, header:ignore, 0, 0, 0
338, towns_and_towers:pillager_outpost_old_growth_taiga, MONSTER, minecraft:pillager, 10, 1, 2
339, towns_and_towers:pillager_outpost_savanna, HEADING, header:ignore, 0, 0, 0
340, towns_and_towers:pillager_outpost_savanna, MONSTER, minecraft:pillager, 10, 1, 2
341, towns_and_towers:pillager_outpost_savanna_plateau, HEADING, header:ignore, 0, 0, 0
342, towns_and_towers:pillager_outpost_savanna_plateau, MONSTER, minecraft:pillager, 10, 1, 2
343, towns_and_towers:pillager_outpost_snowy_beach, HEADING, header:ignore, 0, 0, 0
344, towns_and_towers:pillager_outpost_snowy_beach, MONSTER, minecraft:pillager, 10, 1, 2
345, towns_and_towers:pillager_outpost_snowy_plains, HEADING, header:ignore, 0, 0, 0
346, towns_and_towers:pillager_outpost_snowy_plains, MONSTER, minecraft:pillager, 10, 1, 2
347, towns_and_towers:pillager_outpost_snowy_slopes, HEADING, header:ignore, 0, 0, 0
348, towns_and_towers:pillager_outpost_snowy_slopes, MONSTER, minecraft:pillager, 10, 1, 2
349, towns_and_towers:pillager_outpost_snowy_taiga, HEADING, header:ignore, 0, 0, 0
350, towns_and_towers:pillager_outpost_snowy_taiga, MONSTER, minecraft:pillager, 10, 1, 2
351, towns_and_towers:pillager_outpost_sparse_jungle, HEADING, header:ignore, 0, 0, 0
352, towns_and_towers:pillager_outpost_sparse_jungle, MONSTER, minecraft:pillager, 10, 1, 2
353, towns_and_towers:pillager_outpost_sunflower_plains, HEADING, header:ignore, 0, 0, 0
354, towns_and_towers:pillager_outpost_sunflower_plains, MONSTER, minecraft:pillager, 10, 1, 2
355, towns_and_towers:pillager_outpost_swamp, HEADING, header:ignore, 0, 0, 0
356, towns_and_towers:pillager_outpost_swamp, MONSTER, minecraft:pillager, 10, 1, 2
357, towns_and_towers:pillager_outpost_taiga, HEADING, header:ignore, 0, 0, 0
358, towns_and_towers:pillager_outpost_taiga, MONSTER, minecraft:pillager, 10, 1, 2
359, towns_and_towers:pillager_outpost_wooded_badlands, HEADING, header:ignore, 0, 0, 0
360, towns_and_towers:pillager_outpost_wooded_badlands, MONSTER, minecraft:pillager, 10, 1, 2
361, incendium:pipeline, HEADING, header:ignore, 0, 0, 0
362, integrated_villages:pirate_village, HEADING, header:ignore, 0, 0, 0
363, dungeons_arise:plague_asylum, HEADING, header:ignore, 0, 0, 0
364, irons_spellbooks:pyromancer_tower, HEADING, header:ignore, 0, 0, 0
365, integrated_villages:quark/minka_village, HEADING, header:ignore, 0, 0, 0
366, farmers_structures:quark_glimer, HEADING, header:ignore, 0, 0, 0
367, farmers_structures:quark_jungle, HEADING, header:ignore, 0, 0, 0
368, farmers_structures:quark_moss, HEADING, header:ignore, 0, 0, 0
369, farmers_structures:quark_slime, HEADING, header:ignore, 0, 0, 0
370, incendium:quartz_kitchen, HEADING, header:ignore, 0, 0, 0
371, totw_modded:ratlantis, HEADING, header:ignore, 0, 0, 0
372, idas:redhorn_guild, HEADING, header:ignore, 0, 0, 0
373, totw_modded:regular, HEADING, header:ignore, 0, 0, 0
374, ribbits:ribbit_village, HEADING, header:ignore, 0, 0, 0
375, structory:ruin_grassy, HEADING, header:ignore, 0, 0, 0
376, cataclysm:ruined_citadel, HEADING, header:ignore, 0, 0, 0
377, cataclysm:ruined_citadel, MONSTER, cataclysm:endermaptera, 10, 1, 1
378, incendium:ruined_lab, HEADING, header:ignore, 0, 0, 0
379, minecraft:ruined_portal, HEADING, header:ignore, 0, 0, 0
380, minecraft:ruined_portal_desert, HEADING, header:ignore, 0, 0, 0
381, minecraft:ruined_portal_jungle, HEADING, header:ignore, 0, 0, 0
382, minecraft:ruined_portal_mountain, HEADING, header:ignore, 0, 0, 0
383, minecraft:ruined_portal_nether, HEADING, header:ignore, 0, 0, 0
384, minecraft:ruined_portal_ocean, HEADING, header:ignore, 0, 0, 0
385, minecraft:ruined_portal_swamp, HEADING, header:ignore, 0, 0, 0
386, idas:ruins_of_the_deep, HEADING, header:ignore, 0, 0, 0
387, betterarcheology:ruins_sand, HEADING, header:ignore, 0, 0, 0
388, incendium:sanctum, HEADING, header:ignore, 0, 0, 0
389, dungeons_arise:scorched_mines, HEADING, header:ignore, 0, 0, 0
390, aquamirae:shelter, HEADING, header:ignore, 0, 0, 0
391, aquamirae:ship, HEADING, header:ignore, 0, 0, 0
392, aquamirae:ship, MONSTER, minecraft:pillager, 10, 1, 2
393, aquamirae:ship, MONSTER, minecraft:vindicator, 10, 1, 1
394, minecolonies:ship, HEADING, header:ignore, 0, 0, 0
395, minecraft:shipwreck, HEADING, header:ignore, 0, 0, 0
396, minecraft:shipwreck, MONSTER, alexsmobs:skelewag, 15, 1, 2
397, minecraft:shipwreck_beached, HEADING, header:ignore, 0, 0, 0
398, dungeons_arise:shiraz_palace, HEADING, header:ignore, 0, 0, 0
399, minecolonies:shire_colony, HEADING, header:ignore, 0, 0, 0
400, minecolonies:shire_colony, CREATURE, minecraft:cat, 80, 1, 2
401, aether:silver_dungeon, HEADING, header:ignore, 0, 0, 0
402, skyvillages:skyvillage, HEADING, header:ignore, 0, 0, 0
403, dungeons_arise:small_blimp, HEADING, header:ignore, 0, 0, 0
404, dungeons_arise:small_prairie_house, HEADING, header:ignore, 0, 0, 0
405, idas:snifferhenge, HEADING, header:ignore, 0, 0, 0
406, snowy_tents:snowy_tent, HEADING, header:ignore, 0, 0, 0
407, cataclysm:soul_black_smith, HEADING, header:ignore, 0, 0, 0
408, betterarcheology:stonehenge_grassy, HEADING, header:ignore, 0, 0, 0
409, integrated_stronghold:stronghold, HEADING, header:ignore, 0, 0, 0
410, integrated_stronghold:stronghold, MONSTER, minecraft:silverfish, 10, 1, 2
411, integrated_stronghold:stronghold, MONSTER, minecraft:enderman, 10, 1, 1
412, minecraft:stronghold, HEADING, header:ignore, 0, 0, 0
413, cataclysm:sunken_city, HEADING, header:ignore, 0, 0, 0
414, idas:sunken_ship/sunken_ship, HEADING, header:ignore, 0, 0, 0
415, idas:sunken_ship/sunken_ship, MONSTER, quark:wraith, 10, 1, 2
416, idas:sunken_ship/sunken_ship_coral, HEADING, header:ignore, 0, 0, 0
417, idas:sunken_ship/sunken_ship_coral, MONSTER, quark:wraith, 10, 1, 2
418, idas:sunken_ship/sunken_ship_ruins, HEADING, header:ignore, 0, 0, 0
419, farmers_structures:sushi, HEADING, header:ignore, 0, 0, 0
420, minecraft:swamp_hut, HEADING, header:ignore, 0, 0, 0
421, minecraft:swamp_hut, MONSTER, minecraft:witch, 10, 1, 1
422, minecraft:swamp_hut, CREATURE, minecraft:cat, 10, 1, 1
423, structory:swamp_ruin, HEADING, header:ignore, 0, 0, 0
424, structory:taiga_ruin_surface, HEADING, header:ignore, 0, 0, 0
425, structory:taiga_ruin_underground, HEADING, header:ignore, 0, 0, 0
426, integrated_villages:tavern_village, HEADING, header:ignore, 0, 0, 0
427, betterarcheology:temple_jungle, HEADING, header:ignore, 0, 0, 0
428, dungeons_arise:thornborn_towers, HEADING, header:ignore, 0, 0, 0
429, idas:tinkers_citadel, HEADING, header:ignore, 0, 0, 0
430, idas:tinkers_workshop, HEADING, header:ignore, 0, 0, 0
431, apotheosis:tower_leaf, HEADING, header:ignore, 0, 0, 0
432, apotheosis:tower_main, HEADING, header:ignore, 0, 0, 0
433, apotheosis:tower_sand, HEADING, header:ignore, 0, 0, 0
434, apotheosis:tower_spruce, HEADING, header:ignore, 0, 0, 0
435, minecraft:trail_ruins, HEADING, header:ignore, 0, 0, 0
436, idas:train_ruins, HEADING, header:ignore, 0, 0, 0
437, idas:tree_of_wisdom, HEADING, header:ignore, 0, 0, 0
438, idas:treetop_tavern, HEADING, header:ignore, 0, 0, 0
439, betterarcheology:tumulus_grassy, HEADING, header:ignore, 0, 0, 0
440, totw_modded:tw_canopy, HEADING, header:ignore, 0, 0, 0
441, totw_modded:tw_mangrove, HEADING, header:ignore, 0, 0, 0
442, dungeons_arise:typhon, HEADING, header:ignore, 0, 0, 0
443, mowziesmobs:umvuthana_grove, HEADING, header:ignore, 0, 0, 0
444, dungeons_arise:undead_pirate_ship, HEADING, header:ignore, 0, 0, 0
445, farmers_structures:undergarden_sea, HEADING, header:ignore, 0, 0, 0
446, idas:underground_camp/underground_camp, HEADING, header:ignore, 0, 0, 0
447, idas:underground_camp/underground_camp_deep, HEADING, header:ignore, 0, 0, 0
448, betterarcheology:underwater_0, HEADING, header:ignore, 0, 0, 0
449, betterarcheology:underwater_1, HEADING, header:ignore, 0, 0, 0
450, betterarcheology:underwater_2, HEADING, header:ignore, 0, 0, 0
451, betterarcheology:underwater_3, HEADING, header:ignore, 0, 0, 0
452, valarian_conquest:valariancastle, HEADING, header:ignore, 0, 0, 0
453, valarian_conquest:valarianfort, HEADING, header:ignore, 0, 0, 0
454, valarian_conquest:valarianoutpost, HEADING, header:ignore, 0, 0, 0
455, totw_modded:venus, HEADING, header:ignore, 0, 0, 0
456, towns_and_towers:village_badlands, HEADING, header:ignore, 0, 0, 0
457, towns_and_towers:village_beach, HEADING, header:ignore, 0, 0, 0
458, towns_and_towers:village_birch_forest, HEADING, header:ignore, 0, 0, 0
459, minecraft:village_desert, HEADING, header:ignore, 0, 0, 0
460, towns_and_towers:village_flower_forest, HEADING, header:ignore, 0, 0, 0
461, towns_and_towers:village_forest, HEADING, header:ignore, 0, 0, 0
462, towns_and_towers:village_grove, HEADING, header:ignore, 0, 0, 0
463, towns_and_towers:village_jungle, HEADING, header:ignore, 0, 0, 0
464, towns_and_towers:village_meadow, HEADING, header:ignore, 0, 0, 0
465, towns_and_towers:village_mushroom_fields, HEADING, header:ignore, 0, 0, 0
466, towns_and_towers:village_ocean, HEADING, header:ignore, 0, 0, 0
467, towns_and_towers:village_old_growth_taiga, HEADING, header:ignore, 0, 0, 0
468, minecraft:village_plains, HEADING, header:ignore, 0, 0, 0
469, minecraft:village_savanna, HEADING, header:ignore, 0, 0, 0
470, towns_and_towers:village_savanna_plateau, HEADING, header:ignore, 0, 0, 0
471, minecraft:village_snowy, HEADING, header:ignore, 0, 0, 0
472, towns_and_towers:village_snowy_slopes, HEADING, header:ignore, 0, 0, 0
473, towns_and_towers:village_snowy_taiga, HEADING, header:ignore, 0, 0, 0
474, towns_and_towers:village_sparse_jungle, HEADING, header:ignore, 0, 0, 0
475, towns_and_towers:village_sunflower_plains, HEADING, header:ignore, 0, 0, 0
476, towns_and_towers:village_swamp, HEADING, header:ignore, 0, 0, 0
477, minecraft:village_taiga, HEADING, header:ignore, 0, 0, 0
478, towns_and_towers:village_wooded_badlands, HEADING, header:ignore, 0, 0, 0
479, betterarcheology:villager_grave, HEADING, header:ignore, 0, 0, 0
480, valarian_conquest:visgothiancastle, HEADING, header:ignore, 0, 0, 0
481, valarian_conquest:visgothianoutpost, HEADING, header:ignore, 0, 0, 0
482, minecolonies:warpednetherlands_colony, HEADING, header:ignore, 0, 0, 0
483, minecolonies:warpednetherlands_colony, CREATURE, minecraft:cat, 80, 1, 2
484, illagerwarship:warship, HEADING, header:ignore, 0, 0, 0
485, idas:washing_camp, HEADING, header:ignore, 0, 0, 0
486, supplementaries:way_sign, HEADING, header:ignore, 0, 0, 0
487, idas:windswept_shrine, HEADING, header:ignore, 0, 0, 0
488, idas:winter_wagon, HEADING, header:ignore, 0, 0, 0
489, dungeons_arise:wishing_well, HEADING, header:ignore, 0, 0, 0
490, idas:witches_treestump, HEADING, header:ignore, 0, 0, 0
491, idas:witches_treestump, MONSTER, minecraft:witch, 10, 1, 1
492, idas:witches_treestump, CREATURE, minecraft:cat, 10, 1, 1
493, idas:wizard_tower, HEADING, header:ignore, 0, 0, 0
494, tht:world_gen, HEADING, header:ignore, 0, 0, 0
495, towns_and_towers:wreckage_ocean, HEADING, header:ignore, 0, 0, 0
496, mowziesmobs:wrought_chamber, HEADING, header:ignore, 0, 0, 0
